<?xml version="1.0" encoding="UTF-8"?>
<!-- Generated by org.testng.reporters.JUnitXMLReporter -->
<testsuite ignored="8" hostname="DESKTOP-0VG4TTE" failures="0" tests="22" name="Test" time="135.859" errors="0" timestamp="2022-03-18T21:03:28 IST">
  <testcase classname="com.techblog.scripts.TestClass" name="verifyLandingPage" time="2.223"/>
  <testcase classname="com.techblog.scripts.TestClass" name="varifyingFeedback" time="11.114"/>
  <testcase classname="com.techblog.scripts.TestClass" name="varifyingContactUs" time="7.652"/>
  <testcase classname="com.techblog.scripts.TestClass" name="varifyingGitLink" time="4.923"/>
  <testcase classname="com.techblog.scripts.TestClass" name="varifyingLatestArticles" time="10.578"/>
  <testcase classname="com.techblog.scripts.TestClass" name="varifyingAboutUs" time="5.396"/>
  <testcase classname="com.techblog.scripts.TestClass" name="varifyingSocialMedia" time="4.799"/>
  <testcase classname="com.techblog.scripts.TestClass" name="varifyingCategories" time="5.896"/>
  <testcase classname="com.techblog.scripts.UserSignup" name="verifyNullUserSignup" time="2.695"/>
  <testcase classname="com.techblog.scripts.UserSignup" name="verifyInvalidUserName" time="7.343"/>
  <testcase classname="com.techblog.scripts.UserSignup" name="verifyInvalidUserEmail" time="5.9"/>
  <testcase classname="com.techblog.scripts.UserSignup" name="verifyInvalidPassword" time="5.915"/>
  <testcase classname="com.techblog.scripts.UserSignup" name="verifyInValidPassword2" time="5.182"/>
  <testcase classname="com.techblog.scripts.UserSignup" name="verifyValidUserSignup" time="7.237"/>
  <testcase classname="com.techblog.scripts.TrainerSignUp" name="verifyInvalidTrainerEmail" time="1.5"/>
  <testcase classname="com.techblog.scripts.TrainerSignUp" name="verifyInvalidPasswordTrainerSignup" time="4.424"/>
  <testcase classname="com.techblog.scripts.TrainerSignUp" name="verifyValidTrainerSignup" time="6.479"/>
  <testcase classname="com.techblog.scripts.TrainerSignUp" name="verifySignin" time="2.363"/>
  <testcase classname="com.techblog.scripts.TCLogin" name="verifyNullLogin" time="2.462"/>
  <testcase classname="com.techblog.scripts.TCLogin" name="verifyInvalidPasswLogin" time="6.058"/>
  <testcase classname="com.techblog.scripts.TCLogin" name="verifyInvalidEmailLogin" time="8.258"/>
  <testcase classname="com.techblog.scripts.TCLogin" name="verifySignUpLink" time="1.54"/>
  <testcase classname="com.techblog.scripts.TestBase" name="@BeforeTest onSetup" time="0.0">
    <ignored/>
  </testcase> <!-- @BeforeTest onSetup -->
  <testcase classname="com.techblog.scripts.TestBase" name="@BeforeTest onSetup" time="0.0">
    <ignored/>
  </testcase> <!-- @BeforeTest onSetup -->
  <testcase classname="com.techblog.scripts.TestBase" name="@BeforeTest onSetup" time="0.0">
    <ignored/>
  </testcase> <!-- @BeforeTest onSetup -->
  <testcase classname="com.techblog.scripts.TestBase" name="@BeforeTest onSetup" time="0.0">
    <ignored/>
  </testcase> <!-- @BeforeTest onSetup -->
  <testcase classname="com.techblog.scripts.TestBase" name="@AfterTest quitBrowser" time="0.0">
    <ignored/>
  </testcase> <!-- @AfterTest quitBrowser -->
  <testcase classname="com.techblog.scripts.TestBase" name="@AfterTest quitBrowser" time="0.0">
    <ignored/>
  </testcase> <!-- @AfterTest quitBrowser -->
  <testcase classname="com.techblog.scripts.TestBase" name="@AfterTest quitBrowser" time="0.0">
    <ignored/>
  </testcase> <!-- @AfterTest quitBrowser -->
  <testcase classname="com.techblog.scripts.TestBase" name="@AfterTest quitBrowser" time="0.0">
    <ignored/>
  </testcase> <!-- @AfterTest quitBrowser -->
</testsuite> <!-- Test -->
